0 info it worked if it ends with ok
1 verbose cli [ '/usr/local/node/bin/node',
1 verbose cli   '/usr/local/node/bin/npm',
1 verbose cli   'install',
1 verbose cli   'grunt',
1 verbose cli   'grunt-contrib-clean',
1 verbose cli   'grunt-contrib-copy',
1 verbose cli   'grunt-contrib-jade',
1 verbose cli   'grunt-contrib-jshint',
1 verbose cli   'grunt-contrib-less',
1 verbose cli   'grunt-contrib-watch',
1 verbose cli   'grunt-jscs',
1 verbose cli   'grunt-shell',
1 verbose cli   'jshint-stylish',
1 verbose cli   '--save-dev' ]
2 info using npm@1.4.28
3 info using node@v0.10.32
4 error Failed to parse json
4 error Unexpected token }
5 error File: /Users/Melanie/Documents/Code/mlfryman.github.io/package.json
6 error Failed to parse package.json data.
6 error package.json must be actual JSON, not just JavaScript.
6 error
6 error This is not a bug in npm.
6 error Tell the package author to fix their package.json file. JSON.parse
7 error System Darwin 14.0.0
8 error command "/usr/local/node/bin/node" "/usr/local/node/bin/npm" "install" "grunt" "grunt-contrib-clean" "grunt-contrib-copy" "grunt-contrib-jade" "grunt-contrib-jshint" "grunt-contrib-less" "grunt-contrib-watch" "grunt-jscs" "grunt-shell" "jshint-stylish" "--save-dev"
9 error cwd /Users/Melanie/Documents/Code/mlfryman.github.io
10 error node -v v0.10.32
11 error npm -v 1.4.28
12 error file /Users/Melanie/Documents/Code/mlfryman.github.io/package.json
13 error code EJSONPARSE
14 verbose exit [ 1, true ]
